2019-11-14 16:43:37.009  INFO 6420 --- [main] com.simple.blog.BlogApplication          : No active profile set, falling back to default profiles: default
2019-11-14 16:43:45.126  WARN 6420 --- [main] org.hibernate.id.UUIDHexGenerator        : HHH000409: Using org.hibernate.id.UUIDHexGenerator which does not generate IETF RFC 4122 compliant UUID values; consider using org.hibernate.id.UUIDGenerator instead
2019-11-14 16:43:49.680  WARN 6420 --- [main] o.s.c.n.a.ArchaiusAutoConfiguration      : No spring.application.name found, defaulting to 'application'
2019-11-14 16:43:49.684  WARN 6420 --- [main] c.n.c.sources.URLConfigurationSource     : No URLs will be polled as dynamic configuration sources.
2019-11-14 16:43:49.689  WARN 6420 --- [main] c.n.c.sources.URLConfigurationSource     : No URLs will be polled as dynamic configuration sources.
2019-11-14 16:43:49.960  WARN 6420 --- [main] aWebConfiguration$JpaWebMvcConfiguration : spring.jpa.open-in-view is enabled by default. Therefore, database queries may be performed during view rendering. Explicitly configure spring.jpa.open-in-view to disable this warning
2019-11-14 16:43:50.095  WARN 6420 --- [main] ion$DefaultTemplateResolverConfiguration : Cannot find template location: classpath:/templates/ (please add some templates or check your Thymeleaf configuration)
2019-11-14 16:43:51.836  INFO 6420 --- [main] com.simple.blog.BlogApplication          : Started BlogApplication in 18.938 seconds (JVM running for 20.302)
2019-11-14 16:44:07.634  INFO 6420 --- [task-1] c.s.blog.redis.RedisApplicationRunner    : ^^^^^缓存redis成功^^^^^
2019-11-14 16:44:16.124  INFO 6420 --- [http-nio-8072-exec-1] c.s.b.s.JwtAuthenticationTokenFilter     : --------->null
2019-11-14 16:44:32.870 ERROR 6420 --- [http-nio-8072-exec-1] c.s.blog.controller.ImageController      : 获取图片失败！\root\simple-blog\avatar\fb3d1508-3a80-4cf9-9416-a2ea4db54f7c.png (系统找不到指定的路径。) /root/simple-blog/avatar/fb3d1508-3a80-4cf9-9416-a2ea4db54f7c.png
2019-11-14 17:00:00.109  INFO 6420 --- [scheduling-1] com.simple.blog.async.CrawlerArticle     : ~~~开始拉取网易新闻:~~~
2019-11-14 17:00:01.849  WARN 6420 --- [scheduling-1] c.g.htmlunit.IncorrectnessListenerImpl   : Obsolete content type encountered: 'application/x-javascript'.
2019-11-14 17:00:01.880  WARN 6420 --- [scheduling-1] c.g.htmlunit.IncorrectnessListenerImpl   : Obsolete content type encountered: 'application/x-javascript'.
2019-11-14 17:00:01.899  WARN 6420 --- [scheduling-1] c.g.htmlunit.IncorrectnessListenerImpl   : Obsolete content type encountered: 'application/x-javascript'.
2019-11-14 17:00:01.934 ERROR 6420 --- [scheduling-1] c.g.h.javascript.StrictErrorReporter     : runtimeError: message=[An invalid or illegal selector was specified (selector: '> li' error: Invalid selectors: > li).] sourceName=[http://static.ws.126.net/cnews/js/ntes_jslib_1.x.js] line=[14] lineSource=[null] lineOffset=[0]
2019-11-14 17:00:01.948 ERROR 6420 --- [scheduling-1] c.g.h.javascript.StrictErrorReporter     : runtimeError: message=[An invalid or illegal selector was specified (selector: '> li' error: Invalid selectors: > li).] sourceName=[http://static.ws.126.net/cnews/js/ntes_jslib_1.x.js] line=[14] lineSource=[null] lineOffset=[0]
2019-11-14 17:00:02.019  WARN 6420 --- [scheduling-1] c.g.htmlunit.IncorrectnessListenerImpl   : Obsolete content type encountered: 'application/x-javascript'.
2019-11-14 17:00:02.082 ERROR 6420 --- [scheduling-1] c.g.h.javascript.StrictErrorReporter     : runtimeError: message=[An invalid or illegal selector was specified (selector: '> li' error: Invalid selectors: > li).] sourceName=[http://static.ws.126.net/cnews/js/ntes_jslib_1.x.js] line=[14] lineSource=[null] lineOffset=[0]
2019-11-14 17:00:02.400 ERROR 6420 --- [scheduling-1] c.g.h.javascript.StrictErrorReporter     : runtimeError: message=[An invalid or illegal selector was specified (selector: '> div.bar_pages > a' error: Invalid selectors: > div.bar_pages > a).] sourceName=[http://static.ws.126.net/cnews/js/ntes_jslib_1.x.js] line=[14] lineSource=[null] lineOffset=[0]
2019-11-14 17:00:02.436  WARN 6420 --- [scheduling-1] c.g.htmlunit.IncorrectnessListenerImpl   : Obsolete content type encountered: 'application/x-javascript'.
2019-11-14 17:00:02.566  WARN 6420 --- [scheduling-1] c.g.htmlunit.IncorrectnessListenerImpl   : Expected content type of 'application/javascript' or 'application/ecmascript' for remotely loaded JavaScript element at 'http://analytics.163.com/ntes?_nacc=news&_nvid=c7c16e46a819cb5b83edb0d344558fc7&_nvtm=0&_nvsf=1&_nvfi=1&_nlag=en-us&_nlmf=1573722002&_nres=1024x768&_nscd=24-bit&_nstm=0&_nurl=http%3A//news.163.com/latest/&_ntit=%u6700%u65B0%u6EDA%u52A8%u65B0%u95FB_%u7F51%u6613%u65B0%u95FB%u4E2D%u5FC3&_nref=&_nfla=&_nssn=&_nxkey=20024710.64568&_end1', but got 'text/plain'.
2019-11-14 17:00:39.334  INFO 6420 --- [scheduling-1] com.simple.blog.async.CrawlerArticle     : ~~~开始拉取凤凰新闻:~~~
